0 info it worked if it ends with ok
1 verbose cli [ '/usr/bin/nodejs', '/usr/bin/npm', 'link', 'http-server' ]
2 info using npm@3.5.2
3 info using node@v4.2.6
4 silly loadCurrentTree Starting
5 silly install loadCurrentTree
6 silly install readGlobalPackageData
7 silly fetchPackageMetaData http-server
8 silly fetchNamedPackageData http-server
9 silly mapToRegistry name http-server
10 silly mapToRegistry using default registry
11 silly mapToRegistry registry https://registry.npmjs.org/
12 silly mapToRegistry uri https://registry.npmjs.org/http-server
13 verbose request uri https://registry.npmjs.org/http-server
14 verbose request no auth needed
15 info attempt registry request try #1 at 8:24:50 PM
16 verbose request id 6de88d8332fa48c9
17 verbose etag "3R5EAZVTUWVCT4Z10Q2R5T8U1"
18 http request GET https://registry.npmjs.org/http-server
19 http 304 https://registry.npmjs.org/http-server
20 verbose headers { date: 'Fri, 11 Nov 2016 01:24:50 GMT',
20 verbose headers   via: '1.1 varnish',
20 verbose headers   'cache-control': 'max-age=300',
20 verbose headers   etag: '"3R5EAZVTUWVCT4Z10Q2R5T8U1"',
20 verbose headers   age: '63',
20 verbose headers   connection: 'keep-alive',
20 verbose headers   'x-served-by': 'cache-ord1743-ORD',
20 verbose headers   'x-cache': 'HIT',
20 verbose headers   'x-cache-hits': '1',
20 verbose headers   'x-timer': 'S1478827490.698824,VS0,VE0',
20 verbose headers   vary: 'Accept-Encoding' }
21 silly get cb [ 304,
21 silly get   { date: 'Fri, 11 Nov 2016 01:24:50 GMT',
21 silly get     via: '1.1 varnish',
21 silly get     'cache-control': 'max-age=300',
21 silly get     etag: '"3R5EAZVTUWVCT4Z10Q2R5T8U1"',
21 silly get     age: '63',
21 silly get     connection: 'keep-alive',
21 silly get     'x-served-by': 'cache-ord1743-ORD',
21 silly get     'x-cache': 'HIT',
21 silly get     'x-cache-hits': '1',
21 silly get     'x-timer': 'S1478827490.698824,VS0,VE0',
21 silly get     vary: 'Accept-Encoding' } ]
22 verbose etag https://registry.npmjs.org/http-server from cache
23 verbose get saving http-server to /home/chakresh/.npm/registry.npmjs.org/http-server/.cache.json
24 silly install normalizeTree
25 silly loadCurrentTree Finishing
26 silly loadIdealTree Starting
27 silly install loadIdealTree
28 silly cloneCurrentTree Starting
29 silly install cloneCurrentTreeToIdealTree
30 silly cloneCurrentTree Finishing
31 silly loadShrinkwrap Starting
32 silly install loadShrinkwrap
33 silly loadShrinkwrap Finishing
34 silly loadAllDepsIntoIdealTree Starting
35 silly install loadAllDepsIntoIdealTree
36 silly resolveWithNewModule http-server@0.9.0 checking installable status
37 silly cache add args [ 'http-server', null ]
38 verbose cache add spec http-server
39 silly cache add parsed spec Result {
39 silly cache add   raw: 'http-server',
39 silly cache add   scope: null,
39 silly cache add   name: 'http-server',
39 silly cache add   rawSpec: '',
39 silly cache add   spec: 'latest',
39 silly cache add   type: 'tag' }
40 silly addNamed http-server@latest
41 verbose addNamed "latest" is being treated as a dist-tag for http-server
42 info addNameTag [ 'http-server', 'latest' ]
43 silly mapToRegistry name http-server
44 silly mapToRegistry using default registry
45 silly mapToRegistry registry https://registry.npmjs.org/
46 silly mapToRegistry uri https://registry.npmjs.org/http-server
47 verbose addNameTag registry:https://registry.npmjs.org/http-server not in flight; fetching
48 verbose get https://registry.npmjs.org/http-server not expired, no request
49 silly addNameTag next cb for http-server with tag latest
50 silly addNamed http-server@0.9.0
51 verbose addNamed "0.9.0" is a plain semver version for http-server
52 silly cache afterAdd http-server@0.9.0
53 verbose afterAdd /home/chakresh/.npm/http-server/0.9.0/package/package.json not in flight; writing
54 verbose afterAdd /home/chakresh/.npm/http-server/0.9.0/package/package.json written
55 silly fetchNamedPackageData colors
56 silly mapToRegistry name colors
57 silly mapToRegistry using default registry
58 silly mapToRegistry registry https://registry.npmjs.org/
59 silly mapToRegistry uri https://registry.npmjs.org/colors
60 silly fetchNamedPackageData corser
61 silly mapToRegistry name corser
62 silly mapToRegistry using default registry
63 silly mapToRegistry registry https://registry.npmjs.org/
64 silly mapToRegistry uri https://registry.npmjs.org/corser
65 silly fetchNamedPackageData ecstatic
66 silly mapToRegistry name ecstatic
67 silly mapToRegistry using default registry
68 silly mapToRegistry registry https://registry.npmjs.org/
69 silly mapToRegistry uri https://registry.npmjs.org/ecstatic
70 silly fetchNamedPackageData http-proxy
71 silly mapToRegistry name http-proxy
72 silly mapToRegistry using default registry
73 silly mapToRegistry registry https://registry.npmjs.org/
74 silly mapToRegistry uri https://registry.npmjs.org/http-proxy
75 silly fetchNamedPackageData opener
76 silly mapToRegistry name opener
77 silly mapToRegistry using default registry
78 silly mapToRegistry registry https://registry.npmjs.org/
79 silly mapToRegistry uri https://registry.npmjs.org/opener
80 silly fetchNamedPackageData optimist
81 silly mapToRegistry name optimist
82 silly mapToRegistry using default registry
83 silly mapToRegistry registry https://registry.npmjs.org/
84 silly mapToRegistry uri https://registry.npmjs.org/optimist
85 silly fetchNamedPackageData portfinder
86 silly mapToRegistry name portfinder
87 silly mapToRegistry using default registry
88 silly mapToRegistry registry https://registry.npmjs.org/
89 silly mapToRegistry uri https://registry.npmjs.org/portfinder
90 silly fetchNamedPackageData union
91 silly mapToRegistry name union
92 silly mapToRegistry using default registry
93 silly mapToRegistry registry https://registry.npmjs.org/
94 silly mapToRegistry uri https://registry.npmjs.org/union
95 verbose request uri https://registry.npmjs.org/corser
96 verbose request no auth needed
97 info attempt registry request try #1 at 8:24:50 PM
98 verbose etag "BQ9027Q706XQS21MJ192S2E6R"
99 http request GET https://registry.npmjs.org/corser
100 verbose request uri https://registry.npmjs.org/opener
101 verbose request no auth needed
102 info attempt registry request try #1 at 8:24:50 PM
103 verbose etag "1ZZTQKXY1CQQCKIX6CA02NHM"
104 http request GET https://registry.npmjs.org/opener
105 verbose request uri https://registry.npmjs.org/optimist
106 verbose request no auth needed
107 info attempt registry request try #1 at 8:24:50 PM
108 verbose etag "99GFH1CJJT9Z9BYW2JO0Z6LFM"
109 http request GET https://registry.npmjs.org/optimist
110 verbose request uri https://registry.npmjs.org/colors
111 verbose request no auth needed
112 info attempt registry request try #1 at 8:24:50 PM
113 verbose etag "9XQ7H95DSSGP1VU8YNVP8FO7W"
114 http request GET https://registry.npmjs.org/colors
115 verbose request uri https://registry.npmjs.org/http-proxy
116 verbose request no auth needed
117 info attempt registry request try #1 at 8:24:50 PM
118 verbose etag "A5I2DL6XL2V9GX3CGEZIYT5KY"
119 http request GET https://registry.npmjs.org/http-proxy
120 verbose request uri https://registry.npmjs.org/portfinder
121 verbose request no auth needed
122 info attempt registry request try #1 at 8:24:50 PM
123 verbose etag "480XWYMUWETJMNYUUD1GCV9AE"
124 http request GET https://registry.npmjs.org/portfinder
125 verbose request uri https://registry.npmjs.org/union
126 verbose request no auth needed
127 info attempt registry request try #1 at 8:24:50 PM
128 verbose etag "CXX7J2UCI9HOC54YODHUKELRC"
129 http request GET https://registry.npmjs.org/union
130 verbose request uri https://registry.npmjs.org/ecstatic
131 verbose request no auth needed
132 info attempt registry request try #1 at 8:24:50 PM
133 verbose etag "6MXW1KMFP1OLIO4LFOOLUF1AD"
134 http request GET https://registry.npmjs.org/ecstatic
135 http 304 https://registry.npmjs.org/corser
136 verbose headers { date: 'Fri, 11 Nov 2016 01:24:50 GMT',
136 verbose headers   via: '1.1 varnish',
136 verbose headers   'cache-control': 'max-age=300',
136 verbose headers   etag: '"BQ9027Q706XQS21MJ192S2E6R"',
136 verbose headers   age: '20',
136 verbose headers   connection: 'keep-alive',
136 verbose headers   'x-served-by': 'cache-ord1722-ORD',
136 verbose headers   'x-cache': 'HIT',
136 verbose headers   'x-cache-hits': '1',
136 verbose headers   'x-timer': 'S1478827490.970917,VS0,VE0',
136 verbose headers   vary: 'Accept-Encoding' }
137 silly get cb [ 304,
137 silly get   { date: 'Fri, 11 Nov 2016 01:24:50 GMT',
137 silly get     via: '1.1 varnish',
137 silly get     'cache-control': 'max-age=300',
137 silly get     etag: '"BQ9027Q706XQS21MJ192S2E6R"',
137 silly get     age: '20',
137 silly get     connection: 'keep-alive',
137 silly get     'x-served-by': 'cache-ord1722-ORD',
137 silly get     'x-cache': 'HIT',
137 silly get     'x-cache-hits': '1',
137 silly get     'x-timer': 'S1478827490.970917,VS0,VE0',
137 silly get     vary: 'Accept-Encoding' } ]
138 verbose etag https://registry.npmjs.org/corser from cache
139 verbose get saving corser to /home/chakresh/.npm/registry.npmjs.org/corser/.cache.json
140 http 304 https://registry.npmjs.org/opener
141 verbose headers { date: 'Fri, 11 Nov 2016 01:24:50 GMT',
141 verbose headers   via: '1.1 varnish',
141 verbose headers   'cache-control': 'max-age=300',
141 verbose headers   etag: '"1ZZTQKXY1CQQCKIX6CA02NHM"',
141 verbose headers   age: '66',
141 verbose headers   connection: 'keep-alive',
141 verbose headers   'x-served-by': 'cache-ord1729-ORD',
141 verbose headers   'x-cache': 'HIT',
141 verbose headers   'x-cache-hits': '1',
141 verbose headers   'x-timer': 'S1478827490.982452,VS0,VE0',
141 verbose headers   vary: 'Accept-Encoding' }
142 silly get cb [ 304,
142 silly get   { date: 'Fri, 11 Nov 2016 01:24:50 GMT',
142 silly get     via: '1.1 varnish',
142 silly get     'cache-control': 'max-age=300',
142 silly get     etag: '"1ZZTQKXY1CQQCKIX6CA02NHM"',
142 silly get     age: '66',
142 silly get     connection: 'keep-alive',
142 silly get     'x-served-by': 'cache-ord1729-ORD',
142 silly get     'x-cache': 'HIT',
142 silly get     'x-cache-hits': '1',
142 silly get     'x-timer': 'S1478827490.982452,VS0,VE0',
142 silly get     vary: 'Accept-Encoding' } ]
143 verbose etag https://registry.npmjs.org/opener from cache
144 verbose get saving opener to /home/chakresh/.npm/registry.npmjs.org/opener/.cache.json
145 http 304 https://registry.npmjs.org/optimist
146 verbose headers { date: 'Fri, 11 Nov 2016 01:24:50 GMT',
146 verbose headers   via: '1.1 varnish',
146 verbose headers   'cache-control': 'max-age=300',
146 verbose headers   etag: '"99GFH1CJJT9Z9BYW2JO0Z6LFM"',
146 verbose headers   age: '28',
146 verbose headers   connection: 'keep-alive',
146 verbose headers   'x-served-by': 'cache-ord1742-ORD',
146 verbose headers   'x-cache': 'HIT',
146 verbose headers   'x-cache-hits': '1',
146 verbose headers   'x-timer': 'S1478827490.982975,VS0,VE0',
146 verbose headers   vary: 'Accept-Encoding' }
147 silly get cb [ 304,
147 silly get   { date: 'Fri, 11 Nov 2016 01:24:50 GMT',
147 silly get     via: '1.1 varnish',
147 silly get     'cache-control': 'max-age=300',
147 silly get     etag: '"99GFH1CJJT9Z9BYW2JO0Z6LFM"',
147 silly get     age: '28',
147 silly get     connection: 'keep-alive',
147 silly get     'x-served-by': 'cache-ord1742-ORD',
147 silly get     'x-cache': 'HIT',
147 silly get     'x-cache-hits': '1',
147 silly get     'x-timer': 'S1478827490.982975,VS0,VE0',
147 silly get     vary: 'Accept-Encoding' } ]
148 verbose etag https://registry.npmjs.org/optimist from cache
149 verbose get saving optimist to /home/chakresh/.npm/registry.npmjs.org/optimist/.cache.json
150 http 304 https://registry.npmjs.org/colors
151 verbose headers { date: 'Fri, 11 Nov 2016 01:24:50 GMT',
151 verbose headers   via: '1.1 varnish',
151 verbose headers   'cache-control': 'max-age=300',
151 verbose headers   etag: '"9XQ7H95DSSGP1VU8YNVP8FO7W"',
151 verbose headers   age: '204',
151 verbose headers   connection: 'keep-alive',
151 verbose headers   'x-served-by': 'cache-ord1740-ORD',
151 verbose headers   'x-cache': 'HIT',
151 verbose headers   'x-cache-hits': '9',
151 verbose headers   'x-timer': 'S1478827490.987301,VS0,VE0',
151 verbose headers   vary: 'Accept-Encoding' }
152 silly get cb [ 304,
152 silly get   { date: 'Fri, 11 Nov 2016 01:24:50 GMT',
152 silly get     via: '1.1 varnish',
152 silly get     'cache-control': 'max-age=300',
152 silly get     etag: '"9XQ7H95DSSGP1VU8YNVP8FO7W"',
152 silly get     age: '204',
152 silly get     connection: 'keep-alive',
152 silly get     'x-served-by': 'cache-ord1740-ORD',
152 silly get     'x-cache': 'HIT',
152 silly get     'x-cache-hits': '9',
152 silly get     'x-timer': 'S1478827490.987301,VS0,VE0',
152 silly get     vary: 'Accept-Encoding' } ]
153 verbose etag https://registry.npmjs.org/colors from cache
154 verbose get saving colors to /home/chakresh/.npm/registry.npmjs.org/colors/.cache.json
155 http 304 https://registry.npmjs.org/http-proxy
156 verbose headers { date: 'Fri, 11 Nov 2016 01:24:50 GMT',
156 verbose headers   via: '1.1 varnish',
156 verbose headers   'cache-control': 'max-age=300',
156 verbose headers   etag: '"A5I2DL6XL2V9GX3CGEZIYT5KY"',
156 verbose headers   age: '221',
156 verbose headers   connection: 'keep-alive',
156 verbose headers   'x-served-by': 'cache-ord1727-ORD',
156 verbose headers   'x-cache': 'HIT',
156 verbose headers   'x-cache-hits': '6',
156 verbose headers   'x-timer': 'S1478827490.988072,VS0,VE0',
156 verbose headers   vary: 'Accept-Encoding' }
157 silly get cb [ 304,
157 silly get   { date: 'Fri, 11 Nov 2016 01:24:50 GMT',
157 silly get     via: '1.1 varnish',
157 silly get     'cache-control': 'max-age=300',
157 silly get     etag: '"A5I2DL6XL2V9GX3CGEZIYT5KY"',
157 silly get     age: '221',
157 silly get     connection: 'keep-alive',
157 silly get     'x-served-by': 'cache-ord1727-ORD',
157 silly get     'x-cache': 'HIT',
157 silly get     'x-cache-hits': '6',
157 silly get     'x-timer': 'S1478827490.988072,VS0,VE0',
157 silly get     vary: 'Accept-Encoding' } ]
158 verbose etag https://registry.npmjs.org/http-proxy from cache
159 verbose get saving http-proxy to /home/chakresh/.npm/registry.npmjs.org/http-proxy/.cache.json
160 silly resolveWithNewModule corser@2.0.1 checking installable status
161 silly cache add args [ 'corser@~2.0.0', null ]
162 verbose cache add spec corser@~2.0.0
163 silly cache add parsed spec Result {
163 silly cache add   raw: 'corser@~2.0.0',
163 silly cache add   scope: null,
163 silly cache add   name: 'corser',
163 silly cache add   rawSpec: '~2.0.0',
163 silly cache add   spec: '>=2.0.0 <2.1.0',
163 silly cache add   type: 'range' }
164 silly addNamed corser@>=2.0.0 <2.1.0
165 verbose addNamed ">=2.0.0 <2.1.0" is a valid semver range for corser
166 silly addNameRange { name: 'corser', range: '>=2.0.0 <2.1.0', hasData: false }
167 silly mapToRegistry name corser
168 silly mapToRegistry using default registry
169 silly mapToRegistry registry https://registry.npmjs.org/
170 silly mapToRegistry uri https://registry.npmjs.org/corser
171 verbose addNameRange registry:https://registry.npmjs.org/corser not in flight; fetching
172 http 304 https://registry.npmjs.org/portfinder
173 verbose headers { date: 'Fri, 11 Nov 2016 01:24:50 GMT',
173 verbose headers   via: '1.1 varnish',
173 verbose headers   'cache-control': 'max-age=300',
173 verbose headers   etag: '"480XWYMUWETJMNYUUD1GCV9AE"',
173 verbose headers   age: '54',
173 verbose headers   connection: 'keep-alive',
173 verbose headers   'x-served-by': 'cache-ord1731-ORD',
173 verbose headers   'x-cache': 'HIT',
173 verbose headers   'x-cache-hits': '1',
173 verbose headers   'x-timer': 'S1478827490.993511,VS0,VE0',
173 verbose headers   vary: 'Accept-Encoding' }
174 silly get cb [ 304,
174 silly get   { date: 'Fri, 11 Nov 2016 01:24:50 GMT',
174 silly get     via: '1.1 varnish',
174 silly get     'cache-control': 'max-age=300',
174 silly get     etag: '"480XWYMUWETJMNYUUD1GCV9AE"',
174 silly get     age: '54',
174 silly get     connection: 'keep-alive',
174 silly get     'x-served-by': 'cache-ord1731-ORD',
174 silly get     'x-cache': 'HIT',
174 silly get     'x-cache-hits': '1',
174 silly get     'x-timer': 'S1478827490.993511,VS0,VE0',
174 silly get     vary: 'Accept-Encoding' } ]
175 verbose etag https://registry.npmjs.org/portfinder from cache
176 verbose get saving portfinder to /home/chakresh/.npm/registry.npmjs.org/portfinder/.cache.json
177 http 304 https://registry.npmjs.org/union
178 verbose headers { date: 'Fri, 11 Nov 2016 01:24:51 GMT',
178 verbose headers   via: '1.1 varnish',
178 verbose headers   'cache-control': 'max-age=300',
178 verbose headers   etag: '"CXX7J2UCI9HOC54YODHUKELRC"',
178 verbose headers   age: '20',
178 verbose headers   connection: 'keep-alive',
178 verbose headers   'x-served-by': 'cache-ord1726-ORD',
178 verbose headers   'x-cache': 'HIT',
178 verbose headers   'x-cache-hits': '1',
178 verbose headers   'x-timer': 'S1478827491.005369,VS0,VE0',
178 verbose headers   vary: 'Accept-Encoding' }
179 silly get cb [ 304,
179 silly get   { date: 'Fri, 11 Nov 2016 01:24:51 GMT',
179 silly get     via: '1.1 varnish',
179 silly get     'cache-control': 'max-age=300',
179 silly get     etag: '"CXX7J2UCI9HOC54YODHUKELRC"',
179 silly get     age: '20',
179 silly get     connection: 'keep-alive',
179 silly get     'x-served-by': 'cache-ord1726-ORD',
179 silly get     'x-cache': 'HIT',
179 silly get     'x-cache-hits': '1',
179 silly get     'x-timer': 'S1478827491.005369,VS0,VE0',
179 silly get     vary: 'Accept-Encoding' } ]
180 verbose etag https://registry.npmjs.org/union from cache
181 verbose get saving union to /home/chakresh/.npm/registry.npmjs.org/union/.cache.json
182 http 304 https://registry.npmjs.org/ecstatic
183 verbose headers { date: 'Fri, 11 Nov 2016 01:24:51 GMT',
183 verbose headers   via: '1.1 varnish',
183 verbose headers   'cache-control': 'max-age=300',
183 verbose headers   etag: '"6MXW1KMFP1OLIO4LFOOLUF1AD"',
183 verbose headers   age: '20',
183 verbose headers   connection: 'keep-alive',
183 verbose headers   'x-served-by': 'cache-ord1739-ORD',
183 verbose headers   'x-cache': 'HIT',
183 verbose headers   'x-cache-hits': '1',
183 verbose headers   'x-timer': 'S1478827491.005631,VS0,VE0',
183 verbose headers   vary: 'Accept-Encoding' }
184 silly get cb [ 304,
184 silly get   { date: 'Fri, 11 Nov 2016 01:24:51 GMT',
184 silly get     via: '1.1 varnish',
184 silly get     'cache-control': 'max-age=300',
184 silly get     etag: '"6MXW1KMFP1OLIO4LFOOLUF1AD"',
184 silly get     age: '20',
184 silly get     connection: 'keep-alive',
184 silly get     'x-served-by': 'cache-ord1739-ORD',
184 silly get     'x-cache': 'HIT',
184 silly get     'x-cache-hits': '1',
184 silly get     'x-timer': 'S1478827491.005631,VS0,VE0',
184 silly get     vary: 'Accept-Encoding' } ]
185 verbose etag https://registry.npmjs.org/ecstatic from cache
186 verbose get saving ecstatic to /home/chakresh/.npm/registry.npmjs.org/ecstatic/.cache.json
187 verbose get https://registry.npmjs.org/corser not expired, no request
188 silly addNameRange number 2 { name: 'corser', range: '>=2.0.0 <2.1.0', hasData: true }
189 silly addNameRange versions [ 'corser',
189 silly addNameRange   [ '0.1.0',
189 silly addNameRange     '0.2.0',
189 silly addNameRange     '1.0.0',
189 silly addNameRange     '1.0.1',
189 silly addNameRange     '1.0.2',
189 silly addNameRange     '1.1.0',
189 silly addNameRange     '1.1.1',
189 silly addNameRange     '1.1.2',
189 silly addNameRange     '1.2.0',
189 silly addNameRange     '2.0.0',
189 silly addNameRange     '2.0.1' ] ]
190 silly addNamed corser@2.0.1
191 verbose addNamed "2.0.1" is a plain semver version for corser
192 silly resolveWithNewModule opener@1.4.2 checking installable status
193 silly cache add args [ 'opener@~1.4.0', null ]
194 verbose cache add spec opener@~1.4.0
195 silly cache add parsed spec Result {
195 silly cache add   raw: 'opener@~1.4.0',
195 silly cache add   scope: null,
195 silly cache add   name: 'opener',
195 silly cache add   rawSpec: '~1.4.0',
195 silly cache add   spec: '>=1.4.0 <1.5.0',
195 silly cache add   type: 'range' }
196 silly addNamed opener@>=1.4.0 <1.5.0
197 verbose addNamed ">=1.4.0 <1.5.0" is a valid semver range for opener
198 silly addNameRange { name: 'opener', range: '>=1.4.0 <1.5.0', hasData: false }
199 silly mapToRegistry name opener
200 silly mapToRegistry using default registry
201 silly mapToRegistry registry https://registry.npmjs.org/
202 silly mapToRegistry uri https://registry.npmjs.org/opener
203 verbose addNameRange registry:https://registry.npmjs.org/opener not in flight; fetching
204 silly resolveWithNewModule optimist@0.6.1 checking installable status
205 silly cache add args [ 'optimist@0.6.x', null ]
206 verbose cache add spec optimist@0.6.x
207 silly cache add parsed spec Result {
207 silly cache add   raw: 'optimist@0.6.x',
207 silly cache add   scope: null,
207 silly cache add   name: 'optimist',
207 silly cache add   rawSpec: '0.6.x',
207 silly cache add   spec: '>=0.6.0 <0.7.0',
207 silly cache add   type: 'range' }
208 silly addNamed optimist@>=0.6.0 <0.7.0
209 verbose addNamed ">=0.6.0 <0.7.0" is a valid semver range for optimist
210 silly addNameRange { name: 'optimist', range: '>=0.6.0 <0.7.0', hasData: false }
211 silly mapToRegistry name optimist
212 silly mapToRegistry using default registry
213 silly mapToRegistry registry https://registry.npmjs.org/
214 silly mapToRegistry uri https://registry.npmjs.org/optimist
215 verbose addNameRange registry:https://registry.npmjs.org/optimist not in flight; fetching
216 silly resolveWithNewModule colors@1.0.3 checking installable status
217 silly cache add args [ 'colors@1.0.3', null ]
218 verbose cache add spec colors@1.0.3
219 silly cache add parsed spec Result {
219 silly cache add   raw: 'colors@1.0.3',
219 silly cache add   scope: null,
219 silly cache add   name: 'colors',
219 silly cache add   rawSpec: '1.0.3',
219 silly cache add   spec: '1.0.3',
219 silly cache add   type: 'version' }
220 silly addNamed colors@1.0.3
221 verbose addNamed "1.0.3" is a plain semver version for colors
222 silly mapToRegistry name colors
223 silly mapToRegistry using default registry
224 silly mapToRegistry registry https://registry.npmjs.org/
225 silly mapToRegistry uri https://registry.npmjs.org/colors
226 verbose addNameVersion registry:https://registry.npmjs.org/colors not in flight; fetching
227 silly resolveWithNewModule http-proxy@1.15.2 checking installable status
228 silly cache add args [ 'http-proxy@^1.8.1', null ]
229 verbose cache add spec http-proxy@^1.8.1
230 silly cache add parsed spec Result {
230 silly cache add   raw: 'http-proxy@^1.8.1',
230 silly cache add   scope: null,
230 silly cache add   name: 'http-proxy',
230 silly cache add   rawSpec: '^1.8.1',
230 silly cache add   spec: '>=1.8.1 <2.0.0',
230 silly cache add   type: 'range' }
231 silly addNamed http-proxy@>=1.8.1 <2.0.0
232 verbose addNamed ">=1.8.1 <2.0.0" is a valid semver range for http-proxy
233 silly addNameRange { name: 'http-proxy', range: '>=1.8.1 <2.0.0', hasData: false }
234 silly mapToRegistry name http-proxy
235 silly mapToRegistry using default registry
236 silly mapToRegistry registry https://registry.npmjs.org/
237 silly mapToRegistry uri https://registry.npmjs.org/http-proxy
238 verbose addNameRange registry:https://registry.npmjs.org/http-proxy not in flight; fetching
239 silly resolveWithNewModule portfinder@0.4.0 checking installable status
240 silly cache add args [ 'portfinder@0.4.x', null ]
241 verbose cache add spec portfinder@0.4.x
242 silly cache add parsed spec Result {
242 silly cache add   raw: 'portfinder@0.4.x',
242 silly cache add   scope: null,
242 silly cache add   name: 'portfinder',
242 silly cache add   rawSpec: '0.4.x',
242 silly cache add   spec: '>=0.4.0 <0.5.0',
242 silly cache add   type: 'range' }
243 silly addNamed portfinder@>=0.4.0 <0.5.0
244 verbose addNamed ">=0.4.0 <0.5.0" is a valid semver range for portfinder
245 silly addNameRange { name: 'portfinder', range: '>=0.4.0 <0.5.0', hasData: false }
246 silly mapToRegistry name portfinder
247 silly mapToRegistry using default registry
248 silly mapToRegistry registry https://registry.npmjs.org/
249 silly mapToRegistry uri https://registry.npmjs.org/portfinder
250 verbose addNameRange registry:https://registry.npmjs.org/portfinder not in flight; fetching
251 silly resolveWithNewModule union@0.4.6 checking installable status
252 silly cache add args [ 'union@~0.4.3', null ]
253 verbose cache add spec union@~0.4.3
254 silly cache add parsed spec Result {
254 silly cache add   raw: 'union@~0.4.3',
254 silly cache add   scope: null,
254 silly cache add   name: 'union',
254 silly cache add   rawSpec: '~0.4.3',
254 silly cache add   spec: '>=0.4.3 <0.5.0',
254 silly cache add   type: 'range' }
255 silly addNamed union@>=0.4.3 <0.5.0
256 verbose addNamed ">=0.4.3 <0.5.0" is a valid semver range for union
257 silly addNameRange { name: 'union', range: '>=0.4.3 <0.5.0', hasData: false }
258 silly mapToRegistry name union
259 silly mapToRegistry using default registry
260 silly mapToRegistry registry https://registry.npmjs.org/
261 silly mapToRegistry uri https://registry.npmjs.org/union
262 verbose addNameRange registry:https://registry.npmjs.org/union not in flight; fetching
263 silly resolveWithNewModule ecstatic@1.4.1 checking installable status
264 silly cache add args [ 'ecstatic@^1.4.0', null ]
265 verbose cache add spec ecstatic@^1.4.0
266 silly cache add parsed spec Result {
266 silly cache add   raw: 'ecstatic@^1.4.0',
266 silly cache add   scope: null,
266 silly cache add   name: 'ecstatic',
266 silly cache add   rawSpec: '^1.4.0',
266 silly cache add   spec: '>=1.4.0 <2.0.0',
266 silly cache add   type: 'range' }
267 silly addNamed ecstatic@>=1.4.0 <2.0.0
268 verbose addNamed ">=1.4.0 <2.0.0" is a valid semver range for ecstatic
269 silly addNameRange { name: 'ecstatic', range: '>=1.4.0 <2.0.0', hasData: false }
270 silly mapToRegistry name ecstatic
271 silly mapToRegistry using default registry
272 silly mapToRegistry registry https://registry.npmjs.org/
273 silly mapToRegistry uri https://registry.npmjs.org/ecstatic
274 verbose addNameRange registry:https://registry.npmjs.org/ecstatic not in flight; fetching
275 silly cache afterAdd corser@2.0.1
276 verbose afterAdd /home/chakresh/.npm/corser/2.0.1/package/package.json not in flight; writing
277 verbose get https://registry.npmjs.org/opener not expired, no request
278 silly addNameRange number 2 { name: 'opener', range: '>=1.4.0 <1.5.0', hasData: true }
279 silly addNameRange versions [ 'opener',
279 silly addNameRange   [ '1.0.0',
279 silly addNameRange     '1.0.1',
279 silly addNameRange     '1.1.0',
279 silly addNameRange     '1.2.0',
279 silly addNameRange     '1.3.0',
279 silly addNameRange     '1.4.0',
279 silly addNameRange     '1.4.1',
279 silly addNameRange     '1.4.2' ] ]
280 silly addNamed opener@1.4.2
281 verbose addNamed "1.4.2" is a plain semver version for opener
282 verbose get https://registry.npmjs.org/optimist not expired, no request
283 silly addNameRange number 2 { name: 'optimist', range: '>=0.6.0 <0.7.0', hasData: true }
284 silly addNameRange versions [ 'optimist',
284 silly addNameRange   [ '0.0.1',
284 silly addNameRange     '0.0.2',
284 silly addNameRange     '0.0.4',
284 silly addNameRange     '0.0.5',
284 silly addNameRange     '0.0.6',
284 silly addNameRange     '0.0.7',
284 silly addNameRange     '0.1.0',
284 silly addNameRange     '0.1.1',
284 silly addNameRange     '0.1.2',
284 silly addNameRange     '0.1.3',
284 silly addNameRange     '0.1.4',
284 silly addNameRange     '0.1.5',
284 silly addNameRange     '0.1.6',
284 silly addNameRange     '0.1.7',
284 silly addNameRange     '0.1.8',
284 silly addNameRange     '0.1.9',
284 silly addNameRange     '0.0.3',
284 silly addNameRange     '0.2.0',
284 silly addNameRange     '0.2.1',
284 silly addNameRange     '0.2.2',
284 silly addNameRange     '0.2.3',
284 silly addNameRange     '0.2.4',
284 silly addNameRange     '0.2.5',
284 silly addNameRange     '0.2.6',
284 silly addNameRange     '0.2.7',
284 silly addNameRange     '0.2.8',
284 silly addNameRange     '0.3.0',
284 silly addNameRange     '0.3.1',
284 silly addNameRange     '0.3.3',
284 silly addNameRange     '0.3.4',
284 silly addNameRange     '0.3.5',
284 silly addNameRange     '0.3.6',
284 silly addNameRange     '0.3.7',
284 silly addNameRange     '0.4.0',
284 silly addNameRange     '0.5.0',
284 silly addNameRange     '0.5.1',
284 silly addNameRange     '0.5.2',
284 silly addNameRange     '0.6.0',
284 silly addNameRange     '0.6.1' ] ]
285 silly addNamed optimist@0.6.1
286 verbose addNamed "0.6.1" is a plain semver version for optimist
287 verbose get https://registry.npmjs.org/http-proxy not expired, no request
288 silly addNameRange number 2 { name: 'http-proxy', range: '>=1.8.1 <2.0.0', hasData: true }
289 silly addNameRange versions [ 'http-proxy',
289 silly addNameRange   [ '0.5.9',
289 silly addNameRange     '0.5.10',
289 silly addNameRange     '0.5.11',
289 silly addNameRange     '0.6.0',
289 silly addNameRange     '0.6.1',
289 silly addNameRange     '0.6.2',
289 silly addNameRange     '0.6.4',
289 silly addNameRange     '0.6.5',
289 silly addNameRange     '0.6.6',
289 silly addNameRange     '0.7.0',
289 silly addNameRange     '0.7.2',
289 silly addNameRange     '0.7.3',
289 silly addNameRange     '0.7.4',
289 silly addNameRange     '0.7.5',
289 silly addNameRange     '0.7.6',
289 silly addNameRange     '0.8.0',
289 silly addNameRange     '0.8.1',
289 silly addNameRange     '0.8.2',
289 silly addNameRange     '0.8.3',
289 silly addNameRange     '0.8.4',
289 silly addNameRange     '0.8.5',
289 silly addNameRange     '0.8.6',
289 silly addNameRange     '0.8.7',
289 silly addNameRange     '0.9.0',
289 silly addNameRange     '0.9.1',
289 silly addNameRange     '0.10.0',
289 silly addNameRange     '0.10.1',
289 silly addNameRange     '0.10.2',
289 silly addNameRange     '0.10.3',
289 silly addNameRange     '0.10.4',
289 silly addNameRange     '1.0.0',
289 silly addNameRange     '1.0.1',
289 silly addNameRange     '1.0.2',
289 silly addNameRange     '1.0.3',
289 silly addNameRange     '1.1.0',
289 silly addNameRange     '1.1.1',
289 silly addNameRange     '1.1.2',
289 silly addNameRange     '1.1.3',
289 silly addNameRange     '1.1.4',
289 silly addNameRange     '1.1.5',
289 silly addNameRange     '1.1.6',
289 silly addNameRange     '1.2.0',
289 silly addNameRange     '1.2.1',
289 silly addNameRange     '1.3.0',
289 silly addNameRange     '1.4.0',
289 silly addNameRange     '1.4.1',
289 silly addNameRange     '1.4.2',
289 silly addNameRange     '1.4.3',
289 silly addNameRange     '1.5.0',
289 silly addNameRange     '1.5.1',
289 silly addNameRange     '1.5.2',
289 silly addNameRange     '1.5.3',
289 silly addNameRange     '1.6.0',
289 silly addNameRange     '1.6.1',
289 silly addNameRange     '1.6.2',
289 silly addNameRange     '1.7.0',
289 silly addNameRange     '1.7.1',
289 silly addNameRange     '1.7.2',
289 silly addNameRange     '1.7.3',
289 silly addNameRange     '1.8.0',
289 silly addNameRange     '1.8.1',
289 silly addNameRange     '1.9.0',
289 silly addNameRange     '1.9.1',
289 silly addNameRange     '1.10.0',
289 silly addNameRange     '1.10.1',
289 silly addNameRange     '1.11.0',
289 silly addNameRange     '1.11.1',
289 silly addNameRange     '1.11.2',
289 silly addNameRange     '1.11.3',
289 silly addNameRange     '1.12.0',
289 silly addNameRange     '1.12.1',
289 silly addNameRange     '1.13.0',
289 silly addNameRange     '1.13.1',
289 silly addNameRange     '1.13.2',
289 silly addNameRange     '1.13.3',
289 silly addNameRange     '1.14.0',
289 silly addNameRange     '1.15.0',
289 silly addNameRange     '1.15.1',
289 silly addNameRange     '1.15.2' ] ]
290 silly addNamed http-proxy@1.15.2
291 verbose addNamed "1.15.2" is a plain semver version for http-proxy
292 verbose get https://registry.npmjs.org/colors not expired, no request
293 verbose get https://registry.npmjs.org/portfinder not expired, no request
294 silly addNameRange number 2 { name: 'portfinder', range: '>=0.4.0 <0.5.0', hasData: true }
295 silly addNameRange versions [ 'portfinder',
295 silly addNameRange   [ '0.1.0',
295 silly addNameRange     '0.2.0',
295 silly addNameRange     '0.2.1',
295 silly addNameRange     '0.3.0',
295 silly addNameRange     '0.4.0',
295 silly addNameRange     '1.0.0',
295 silly addNameRange     '1.0.1',
295 silly addNameRange     '1.0.2',
295 silly addNameRange     '1.0.3',
295 silly addNameRange     '1.0.4',
295 silly addNameRange     '1.0.5',
295 silly addNameRange     '1.0.6',
295 silly addNameRange     '1.0.7-beta.0',
295 silly addNameRange     '1.0.7',
295 silly addNameRange     '1.0.8',
295 silly addNameRange     '1.0.9',
295 silly addNameRange     '1.0.10' ] ]
296 silly addNamed portfinder@0.4.0
297 verbose addNamed "0.4.0" is a plain semver version for portfinder
298 verbose get https://registry.npmjs.org/union not expired, no request
299 silly addNameRange number 2 { name: 'union', range: '>=0.4.3 <0.5.0', hasData: true }
300 silly addNameRange versions [ 'union',
300 silly addNameRange   [ '0.1.0',
300 silly addNameRange     '0.1.2',
300 silly addNameRange     '0.1.3',
300 silly addNameRange     '0.1.4',
300 silly addNameRange     '0.1.5',
300 silly addNameRange     '0.1.6',
300 silly addNameRange     '0.1.7',
300 silly addNameRange     '0.1.8',
300 silly addNameRange     '0.2.0',
300 silly addNameRange     '0.2.1',
300 silly addNameRange     '0.3.0',
300 silly addNameRange     '0.3.2',
300 silly addNameRange     '0.3.3',
300 silly addNameRange     '0.3.4',
300 silly addNameRange     '0.3.5',
300 silly addNameRange     '0.3.6',
300 silly addNameRange     '0.3.7',
300 silly addNameRange     '0.3.8',
300 silly addNameRange     '0.4.0',
300 silly addNameRange     '0.4.1',
300 silly addNameRange     '0.4.2',
300 silly addNameRange     '0.4.3',
300 silly addNameRange     '0.4.4',
300 silly addNameRange     '0.4.5',
300 silly addNameRange     '0.4.6' ] ]
301 silly addNamed union@0.4.6
302 verbose addNamed "0.4.6" is a plain semver version for union
303 verbose get https://registry.npmjs.org/ecstatic not expired, no request
304 silly addNameRange number 2 { name: 'ecstatic', range: '>=1.4.0 <2.0.0', hasData: true }
305 silly addNameRange versions [ 'ecstatic',
305 silly addNameRange   [ '0.0.0',
305 silly addNameRange     '0.0.1',
305 silly addNameRange     '0.1.0',
305 silly addNameRange     '0.1.1',
305 silly addNameRange     '0.1.1-1',
305 silly addNameRange     '0.1.2',
305 silly addNameRange     '0.1.2-1',
305 silly addNameRange     '0.1.4',
305 silly addNameRange     '0.1.5',
305 silly addNameRange     '0.1.6',
305 silly addNameRange     '0.1.7',
305 silly addNameRange     '0.3.0',
305 silly addNameRange     '0.3.1',
305 silly addNameRange     '0.3.2',
305 silly addNameRange     '0.4.0',
305 silly addNameRange     '0.4.1',
305 silly addNameRange     '0.4.2',
305 silly addNameRange     '0.4.3',
305 silly addNameRange     '0.4.4',
305 silly addNameRange     '0.4.5',
305 silly addNameRange     '0.4.6',
305 silly addNameRange     '0.4.7',
305 silly addNameRange     '0.4.8',
305 silly addNameRange     '0.4.9',
305 silly addNameRange     '0.4.10',
305 silly addNameRange     '0.4.11',
305 silly addNameRange     '0.4.12',
305 silly addNameRange     '0.4.13',
305 silly addNameRange     '0.5.0',
305 silly addNameRange     '0.5.1',
305 silly addNameRange     '0.5.2',
305 silly addNameRange     '0.5.3',
305 silly addNameRange     '0.5.4',
305 silly addNameRange     '0.5.5',
305 silly addNameRange     '0.5.6',
305 silly addNameRange     '0.5.7',
305 silly addNameRange     '0.5.8',
305 silly addNameRange     '0.6.0',
305 silly addNameRange     '0.6.1',
305 silly addNameRange     '0.7.0',
305 silly addNameRange     '0.7.1',
305 silly addNameRange     '0.7.2',
305 silly addNameRange     '0.7.3',
305 silly addNameRange     '0.7.4',
305 silly addNameRange     '0.7.5',
305 silly addNameRange     '0.7.6',
305 silly addNameRange     '0.8.0',
305 silly addNameRange     '1.0.0',
305 silly addNameRange     '1.0.1',
305 silly addNameRange     '1.1.0',
305 silly addNameRange     '1.1.1',
305 silly addNameRange     '1.1.2',
305 silly addNameRange     '1.1.3',
305 silly addNameRange     '1.2.0',
305 silly addNameRange     '1.3.0',
305 silly addNameRange     '1.3.1',
305 silly addNameRange     '1.4.0',
305 silly addNameRange     '1.4.1',
305 silly addNameRange     '2.0.0',
305 silly addNameRange     '2.1.0' ] ]
306 silly addNamed ecstatic@1.4.1
307 verbose addNamed "1.4.1" is a plain semver version for ecstatic
308 verbose afterAdd /home/chakresh/.npm/corser/2.0.1/package/package.json written
309 silly cache afterAdd optimist@0.6.1
310 verbose afterAdd /home/chakresh/.npm/optimist/0.6.1/package/package.json not in flight; writing
311 silly cache afterAdd opener@1.4.2
312 verbose afterAdd /home/chakresh/.npm/opener/1.4.2/package/package.json not in flight; writing
313 silly cache afterAdd colors@1.0.3
314 verbose afterAdd /home/chakresh/.npm/colors/1.0.3/package/package.json not in flight; writing
315 silly cache afterAdd http-proxy@1.15.2
316 verbose afterAdd /home/chakresh/.npm/http-proxy/1.15.2/package/package.json not in flight; writing
317 silly cache afterAdd portfinder@0.4.0
318 verbose afterAdd /home/chakresh/.npm/portfinder/0.4.0/package/package.json not in flight; writing
319 silly cache afterAdd union@0.4.6
320 verbose afterAdd /home/chakresh/.npm/union/0.4.6/package/package.json not in flight; writing
321 silly cache afterAdd ecstatic@1.4.1
322 verbose afterAdd /home/chakresh/.npm/ecstatic/1.4.1/package/package.json not in flight; writing
323 verbose afterAdd /home/chakresh/.npm/opener/1.4.2/package/package.json written
324 verbose afterAdd /home/chakresh/.npm/optimist/0.6.1/package/package.json written
325 verbose afterAdd /home/chakresh/.npm/colors/1.0.3/package/package.json written
326 verbose afterAdd /home/chakresh/.npm/http-proxy/1.15.2/package/package.json written
327 verbose afterAdd /home/chakresh/.npm/portfinder/0.4.0/package/package.json written
328 verbose afterAdd /home/chakresh/.npm/union/0.4.6/package/package.json written
329 verbose afterAdd /home/chakresh/.npm/ecstatic/1.4.1/package/package.json written
330 silly fetchNamedPackageData he
331 silly mapToRegistry name he
332 silly mapToRegistry using default registry
333 silly mapToRegistry registry https://registry.npmjs.org/
334 silly mapToRegistry uri https://registry.npmjs.org/he
335 silly fetchNamedPackageData mime
336 silly mapToRegistry name mime
337 silly mapToRegistry using default registry
338 silly mapToRegistry registry https://registry.npmjs.org/
339 silly mapToRegistry uri https://registry.npmjs.org/mime
340 silly fetchNamedPackageData minimist
341 silly mapToRegistry name minimist
342 silly mapToRegistry using default registry
343 silly mapToRegistry registry https://registry.npmjs.org/
344 silly mapToRegistry uri https://registry.npmjs.org/minimist
345 silly fetchNamedPackageData url-join
346 silly mapToRegistry name url-join
347 silly mapToRegistry using default registry
348 silly mapToRegistry registry https://registry.npmjs.org/
349 silly mapToRegistry uri https://registry.npmjs.org/url-join
350 verbose request uri https://registry.npmjs.org/he
351 verbose request no auth needed
352 info attempt registry request try #1 at 8:24:51 PM
353 verbose etag "8JG90G2KYMAZLUD73GZRW4O0O"
354 http request GET https://registry.npmjs.org/he
355 verbose request uri https://registry.npmjs.org/mime
356 verbose request no auth needed
357 info attempt registry request try #1 at 8:24:51 PM
358 verbose etag "8MWTXI8I12RHGJCOKOV40IHRH"
359 http request GET https://registry.npmjs.org/mime
360 verbose request uri https://registry.npmjs.org/minimist
361 verbose request no auth needed
362 info attempt registry request try #1 at 8:24:51 PM
363 verbose etag "2BY2Z2IV40ST3JKND6OYQ95TU"
364 http request GET https://registry.npmjs.org/minimist
365 verbose request uri https://registry.npmjs.org/url-join
366 verbose request no auth needed
367 info attempt registry request try #1 at 8:24:51 PM
368 verbose etag "1L52R4EQ02VEUC59QNS5FB8B6"
369 http request GET https://registry.npmjs.org/url-join
370 http 304 https://registry.npmjs.org/he
371 verbose headers { date: 'Fri, 11 Nov 2016 01:24:51 GMT',
371 verbose headers   via: '1.1 varnish',
371 verbose headers   'cache-control': 'max-age=300',
371 verbose headers   etag: '"8JG90G2KYMAZLUD73GZRW4O0O"',
371 verbose headers   age: '101',
371 verbose headers   connection: 'keep-alive',
371 verbose headers   'x-served-by': 'cache-ord1729-ORD',
371 verbose headers   'x-cache': 'HIT',
371 verbose headers   'x-cache-hits': '1',
371 verbose headers   'x-timer': 'S1478827491.213526,VS0,VE0',
371 verbose headers   vary: 'Accept-Encoding' }
372 silly get cb [ 304,
372 silly get   { date: 'Fri, 11 Nov 2016 01:24:51 GMT',
372 silly get     via: '1.1 varnish',
372 silly get     'cache-control': 'max-age=300',
372 silly get     etag: '"8JG90G2KYMAZLUD73GZRW4O0O"',
372 silly get     age: '101',
372 silly get     connection: 'keep-alive',
372 silly get     'x-served-by': 'cache-ord1729-ORD',
372 silly get     'x-cache': 'HIT',
372 silly get     'x-cache-hits': '1',
372 silly get     'x-timer': 'S1478827491.213526,VS0,VE0',
372 silly get     vary: 'Accept-Encoding' } ]
373 verbose etag https://registry.npmjs.org/he from cache
374 verbose get saving he to /home/chakresh/.npm/registry.npmjs.org/he/.cache.json
375 silly resolveWithNewModule he@0.5.0 checking installable status
376 silly cache add args [ 'he@^0.5.0', null ]
377 verbose cache add spec he@^0.5.0
378 silly cache add parsed spec Result {
378 silly cache add   raw: 'he@^0.5.0',
378 silly cache add   scope: null,
378 silly cache add   name: 'he',
378 silly cache add   rawSpec: '^0.5.0',
378 silly cache add   spec: '>=0.5.0 <0.6.0',
378 silly cache add   type: 'range' }
379 silly addNamed he@>=0.5.0 <0.6.0
380 verbose addNamed ">=0.5.0 <0.6.0" is a valid semver range for he
381 silly addNameRange { name: 'he', range: '>=0.5.0 <0.6.0', hasData: false }
382 silly mapToRegistry name he
383 silly mapToRegistry using default registry
384 silly mapToRegistry registry https://registry.npmjs.org/
385 silly mapToRegistry uri https://registry.npmjs.org/he
386 verbose addNameRange registry:https://registry.npmjs.org/he not in flight; fetching
387 http 304 https://registry.npmjs.org/mime
388 verbose headers { date: 'Fri, 11 Nov 2016 01:24:51 GMT',
388 verbose headers   via: '1.1 varnish',
388 verbose headers   'cache-control': 'max-age=300',
388 verbose headers   etag: '"8MWTXI8I12RHGJCOKOV40IHRH"',
388 verbose headers   age: '132',
388 verbose headers   connection: 'keep-alive',
388 verbose headers   'x-served-by': 'cache-ord1746-ORD',
388 verbose headers   'x-cache': 'HIT',
388 verbose headers   'x-cache-hits': '5',
388 verbose headers   'x-timer': 'S1478827491.224156,VS0,VE0',
388 verbose headers   vary: 'Accept-Encoding' }
389 silly get cb [ 304,
389 silly get   { date: 'Fri, 11 Nov 2016 01:24:51 GMT',
389 silly get     via: '1.1 varnish',
389 silly get     'cache-control': 'max-age=300',
389 silly get     etag: '"8MWTXI8I12RHGJCOKOV40IHRH"',
389 silly get     age: '132',
389 silly get     connection: 'keep-alive',
389 silly get     'x-served-by': 'cache-ord1746-ORD',
389 silly get     'x-cache': 'HIT',
389 silly get     'x-cache-hits': '5',
389 silly get     'x-timer': 'S1478827491.224156,VS0,VE0',
389 silly get     vary: 'Accept-Encoding' } ]
390 verbose etag https://registry.npmjs.org/mime from cache
391 verbose get saving mime to /home/chakresh/.npm/registry.npmjs.org/mime/.cache.json
392 http 304 https://registry.npmjs.org/minimist
393 verbose headers { date: 'Fri, 11 Nov 2016 01:24:51 GMT',
393 verbose headers   via: '1.1 varnish',
393 verbose headers   'cache-control': 'max-age=300',
393 verbose headers   etag: '"2BY2Z2IV40ST3JKND6OYQ95TU"',
393 verbose headers   age: '235',
393 verbose headers   connection: 'keep-alive',
393 verbose headers   'x-served-by': 'cache-ord1726-ORD',
393 verbose headers   'x-cache': 'HIT',
393 verbose headers   'x-cache-hits': '16',
393 verbose headers   'x-timer': 'S1478827491.231917,VS0,VE0',
393 verbose headers   vary: 'Accept-Encoding' }
394 silly get cb [ 304,
394 silly get   { date: 'Fri, 11 Nov 2016 01:24:51 GMT',
394 silly get     via: '1.1 varnish',
394 silly get     'cache-control': 'max-age=300',
394 silly get     etag: '"2BY2Z2IV40ST3JKND6OYQ95TU"',
394 silly get     age: '235',
394 silly get     connection: 'keep-alive',
394 silly get     'x-served-by': 'cache-ord1726-ORD',
394 silly get     'x-cache': 'HIT',
394 silly get     'x-cache-hits': '16',
394 silly get     'x-timer': 'S1478827491.231917,VS0,VE0',
394 silly get     vary: 'Accept-Encoding' } ]
395 verbose etag https://registry.npmjs.org/minimist from cache
396 verbose get saving minimist to /home/chakresh/.npm/registry.npmjs.org/minimist/.cache.json
397 http 304 https://registry.npmjs.org/url-join
398 verbose headers { date: 'Fri, 11 Nov 2016 01:24:51 GMT',
398 verbose headers   via: '1.1 varnish',
398 verbose headers   'cache-control': 'max-age=300',
398 verbose headers   etag: '"1L52R4EQ02VEUC59QNS5FB8B6"',
398 verbose headers   age: '121',
398 verbose headers   connection: 'keep-alive',
398 verbose headers   'x-served-by': 'cache-ord1724-ORD',
398 verbose headers   'x-cache': 'HIT',
398 verbose headers   'x-cache-hits': '1',
398 verbose headers   'x-timer': 'S1478827491.238576,VS0,VE0',
398 verbose headers   vary: 'Accept-Encoding' }
399 silly get cb [ 304,
399 silly get   { date: 'Fri, 11 Nov 2016 01:24:51 GMT',
399 silly get     via: '1.1 varnish',
399 silly get     'cache-control': 'max-age=300',
399 silly get     etag: '"1L52R4EQ02VEUC59QNS5FB8B6"',
399 silly get     age: '121',
399 silly get     connection: 'keep-alive',
399 silly get     'x-served-by': 'cache-ord1724-ORD',
399 silly get     'x-cache': 'HIT',
399 silly get     'x-cache-hits': '1',
399 silly get     'x-timer': 'S1478827491.238576,VS0,VE0',
399 silly get     vary: 'Accept-Encoding' } ]
400 verbose etag https://registry.npmjs.org/url-join from cache
401 verbose get saving url-join to /home/chakresh/.npm/registry.npmjs.org/url-join/.cache.json
402 verbose get https://registry.npmjs.org/he not expired, no request
403 silly addNameRange number 2 { name: 'he', range: '>=0.5.0 <0.6.0', hasData: true }
404 silly addNameRange versions [ 'he',
404 silly addNameRange   [ '0.1.0',
404 silly addNameRange     '0.1.1',
404 silly addNameRange     '0.1.2',
404 silly addNameRange     '0.1.3',
404 silly addNameRange     '0.1.4',
404 silly addNameRange     '0.1.5',
404 silly addNameRange     '0.1.6',
404 silly addNameRange     '0.1.7',
404 silly addNameRange     '0.1.8',
404 silly addNameRange     '0.1.9',
404 silly addNameRange     '0.1.10',
404 silly addNameRange     '0.2.0',
404 silly addNameRange     '0.2.1',
404 silly addNameRange     '0.3.0',
404 silly addNameRange     '0.3.1',
404 silly addNameRange     '0.3.2',
404 silly addNameRange     '0.3.3',
404 silly addNameRange     '0.3.4',
404 silly addNameRange     '0.3.5',
404 silly addNameRange     '0.3.6',
404 silly addNameRange     '0.4.0',
404 silly addNameRange     '0.4.1',
404 silly addNameRange     '0.5.0',
404 silly addNameRange     '1.0.0',
404 silly addNameRange     '1.1.0' ] ]
405 silly addNamed he@0.5.0
406 verbose addNamed "0.5.0" is a plain semver version for he
407 silly resolveWithNewModule mime@1.3.4 checking installable status
408 silly cache add args [ 'mime@^1.2.11', null ]
409 verbose cache add spec mime@^1.2.11
410 silly cache add parsed spec Result {
410 silly cache add   raw: 'mime@^1.2.11',
410 silly cache add   scope: null,
410 silly cache add   name: 'mime',
410 silly cache add   rawSpec: '^1.2.11',
410 silly cache add   spec: '>=1.2.11 <2.0.0',
410 silly cache add   type: 'range' }
411 silly addNamed mime@>=1.2.11 <2.0.0
412 verbose addNamed ">=1.2.11 <2.0.0" is a valid semver range for mime
413 silly addNameRange { name: 'mime', range: '>=1.2.11 <2.0.0', hasData: false }
414 silly mapToRegistry name mime
415 silly mapToRegistry using default registry
416 silly mapToRegistry registry https://registry.npmjs.org/
417 silly mapToRegistry uri https://registry.npmjs.org/mime
418 verbose addNameRange registry:https://registry.npmjs.org/mime not in flight; fetching
419 silly resolveWithNewModule minimist@1.2.0 checking installable status
420 silly cache add args [ 'minimist@^1.1.0', null ]
421 verbose cache add spec minimist@^1.1.0
422 silly cache add parsed spec Result {
422 silly cache add   raw: 'minimist@^1.1.0',
422 silly cache add   scope: null,
422 silly cache add   name: 'minimist',
422 silly cache add   rawSpec: '^1.1.0',
422 silly cache add   spec: '>=1.1.0 <2.0.0',
422 silly cache add   type: 'range' }
423 silly addNamed minimist@>=1.1.0 <2.0.0
424 verbose addNamed ">=1.1.0 <2.0.0" is a valid semver range for minimist
425 silly addNameRange { name: 'minimist', range: '>=1.1.0 <2.0.0', hasData: false }
426 silly mapToRegistry name minimist
427 silly mapToRegistry using default registry
428 silly mapToRegistry registry https://registry.npmjs.org/
429 silly mapToRegistry uri https://registry.npmjs.org/minimist
430 verbose addNameRange registry:https://registry.npmjs.org/minimist not in flight; fetching
431 silly resolveWithNewModule url-join@1.1.0 checking installable status
432 silly cache add args [ 'url-join@^1.0.0', null ]
433 verbose cache add spec url-join@^1.0.0
434 silly cache add parsed spec Result {
434 silly cache add   raw: 'url-join@^1.0.0',
434 silly cache add   scope: null,
434 silly cache add   name: 'url-join',
434 silly cache add   rawSpec: '^1.0.0',
434 silly cache add   spec: '>=1.0.0 <2.0.0',
434 silly cache add   type: 'range' }
435 silly addNamed url-join@>=1.0.0 <2.0.0
436 verbose addNamed ">=1.0.0 <2.0.0" is a valid semver range for url-join
437 silly addNameRange { name: 'url-join', range: '>=1.0.0 <2.0.0', hasData: false }
438 silly mapToRegistry name url-join
439 silly mapToRegistry using default registry
440 silly mapToRegistry registry https://registry.npmjs.org/
441 silly mapToRegistry uri https://registry.npmjs.org/url-join
442 verbose addNameRange registry:https://registry.npmjs.org/url-join not in flight; fetching
443 silly cache afterAdd he@0.5.0
444 verbose afterAdd /home/chakresh/.npm/he/0.5.0/package/package.json not in flight; writing
445 verbose get https://registry.npmjs.org/mime not expired, no request
446 silly addNameRange number 2 { name: 'mime', range: '>=1.2.11 <2.0.0', hasData: true }
447 silly addNameRange versions [ 'mime',
447 silly addNameRange   [ '1.0.0',
447 silly addNameRange     '1.1.0',
447 silly addNameRange     '1.2.1',
447 silly addNameRange     '1.2.2',
447 silly addNameRange     '1.2.3',
447 silly addNameRange     '1.2.4',
447 silly addNameRange     '1.2.5',
447 silly addNameRange     '1.2.6',
447 silly addNameRange     '1.2.7',
447 silly addNameRange     '1.2.8',
447 silly addNameRange     '1.2.9',
447 silly addNameRange     '1.2.10',
447 silly addNameRange     '1.2.11',
447 silly addNameRange     '1.3.0',
447 silly addNameRange     '1.3.2',
447 silly addNameRange     '1.3.3',
447 silly addNameRange     '1.3.4' ] ]
448 silly addNamed mime@1.3.4
449 verbose addNamed "1.3.4" is a plain semver version for mime
450 verbose get https://registry.npmjs.org/url-join not expired, no request
451 silly addNameRange number 2 { name: 'url-join', range: '>=1.0.0 <2.0.0', hasData: true }
452 silly addNameRange versions [ 'url-join', [ '0.0.1', '1.0.0', '1.1.0' ] ]
453 silly addNamed url-join@1.1.0
454 verbose addNamed "1.1.0" is a plain semver version for url-join
455 verbose get https://registry.npmjs.org/minimist not expired, no request
456 silly addNameRange number 2 { name: 'minimist', range: '>=1.1.0 <2.0.0', hasData: true }
457 silly addNameRange versions [ 'minimist',
457 silly addNameRange   [ '0.0.0',
457 silly addNameRange     '0.0.1',
457 silly addNameRange     '0.0.2',
457 silly addNameRange     '0.0.3',
457 silly addNameRange     '0.0.4',
457 silly addNameRange     '0.0.5',
457 silly addNameRange     '0.0.6',
457 silly addNameRange     '0.0.7',
457 silly addNameRange     '0.0.8',
457 silly addNameRange     '0.0.9',
457 silly addNameRange     '0.0.10',
457 silly addNameRange     '0.1.0',
457 silly addNameRange     '0.2.0',
457 silly addNameRange     '1.0.0',
457 silly addNameRange     '1.1.0',
457 silly addNameRange     '1.1.1',
457 silly addNameRange     '1.1.2',
457 silly addNameRange     '1.1.3',
457 silly addNameRange     '1.2.0' ] ]
458 silly addNamed minimist@1.2.0
459 verbose addNamed "1.2.0" is a plain semver version for minimist
460 verbose afterAdd /home/chakresh/.npm/he/0.5.0/package/package.json written
461 silly cache afterAdd minimist@1.2.0
462 verbose afterAdd /home/chakresh/.npm/minimist/1.2.0/package/package.json not in flight; writing
463 silly cache afterAdd mime@1.3.4
464 verbose afterAdd /home/chakresh/.npm/mime/1.3.4/package/package.json not in flight; writing
465 silly cache afterAdd url-join@1.1.0
466 verbose afterAdd /home/chakresh/.npm/url-join/1.1.0/package/package.json not in flight; writing
467 verbose afterAdd /home/chakresh/.npm/minimist/1.2.0/package/package.json written
468 verbose afterAdd /home/chakresh/.npm/url-join/1.1.0/package/package.json written
469 verbose afterAdd /home/chakresh/.npm/mime/1.3.4/package/package.json written
470 silly fetchNamedPackageData eventemitter3
471 silly mapToRegistry name eventemitter3
472 silly mapToRegistry using default registry
473 silly mapToRegistry registry https://registry.npmjs.org/
474 silly mapToRegistry uri https://registry.npmjs.org/eventemitter3
475 silly fetchNamedPackageData requires-port
476 silly mapToRegistry name requires-port
477 silly mapToRegistry using default registry
478 silly mapToRegistry registry https://registry.npmjs.org/
479 silly mapToRegistry uri https://registry.npmjs.org/requires-port
480 verbose request uri https://registry.npmjs.org/eventemitter3
481 verbose request no auth needed
482 info attempt registry request try #1 at 8:24:51 PM
483 verbose etag "AVGVJMFOIPTQ953RXFZN0SOFM"
484 http request GET https://registry.npmjs.org/eventemitter3
485 verbose request uri https://registry.npmjs.org/requires-port
486 verbose request no auth needed
487 info attempt registry request try #1 at 8:24:51 PM
488 verbose etag "7ZEG0ASZ3LC7TSE92WBHSRKAZ"
489 http request GET https://registry.npmjs.org/requires-port
490 http 304 https://registry.npmjs.org/eventemitter3
491 verbose headers { date: 'Fri, 11 Nov 2016 01:24:51 GMT',
491 verbose headers   via: '1.1 varnish',
491 verbose headers   'cache-control': 'max-age=300',
491 verbose headers   etag: '"AVGVJMFOIPTQ953RXFZN0SOFM"',
491 verbose headers   age: '54',
491 verbose headers   connection: 'keep-alive',
491 verbose headers   'x-served-by': 'cache-ord1745-ORD',
491 verbose headers   'x-cache': 'HIT',
491 verbose headers   'x-cache-hits': '2',
491 verbose headers   'x-timer': 'S1478827491.378160,VS0,VE0',
491 verbose headers   vary: 'Accept-Encoding' }
492 silly get cb [ 304,
492 silly get   { date: 'Fri, 11 Nov 2016 01:24:51 GMT',
492 silly get     via: '1.1 varnish',
492 silly get     'cache-control': 'max-age=300',
492 silly get     etag: '"AVGVJMFOIPTQ953RXFZN0SOFM"',
492 silly get     age: '54',
492 silly get     connection: 'keep-alive',
492 silly get     'x-served-by': 'cache-ord1745-ORD',
492 silly get     'x-cache': 'HIT',
492 silly get     'x-cache-hits': '2',
492 silly get     'x-timer': 'S1478827491.378160,VS0,VE0',
492 silly get     vary: 'Accept-Encoding' } ]
493 verbose etag https://registry.npmjs.org/eventemitter3 from cache
494 verbose get saving eventemitter3 to /home/chakresh/.npm/registry.npmjs.org/eventemitter3/.cache.json
495 http 304 https://registry.npmjs.org/requires-port
496 verbose headers { date: 'Fri, 11 Nov 2016 01:24:51 GMT',
496 verbose headers   via: '1.1 varnish',
496 verbose headers   'cache-control': 'max-age=300',
496 verbose headers   etag: '"7ZEG0ASZ3LC7TSE92WBHSRKAZ"',
496 verbose headers   age: '160',
496 verbose headers   connection: 'keep-alive',
496 verbose headers   'x-served-by': 'cache-ord1739-ORD',
496 verbose headers   'x-cache': 'HIT',
496 verbose headers   'x-cache-hits': '1',
496 verbose headers   'x-timer': 'S1478827491.378599,VS0,VE0',
496 verbose headers   vary: 'Accept-Encoding' }
497 silly get cb [ 304,
497 silly get   { date: 'Fri, 11 Nov 2016 01:24:51 GMT',
497 silly get     via: '1.1 varnish',
497 silly get     'cache-control': 'max-age=300',
497 silly get     etag: '"7ZEG0ASZ3LC7TSE92WBHSRKAZ"',
497 silly get     age: '160',
497 silly get     connection: 'keep-alive',
497 silly get     'x-served-by': 'cache-ord1739-ORD',
497 silly get     'x-cache': 'HIT',
497 silly get     'x-cache-hits': '1',
497 silly get     'x-timer': 'S1478827491.378599,VS0,VE0',
497 silly get     vary: 'Accept-Encoding' } ]
498 verbose etag https://registry.npmjs.org/requires-port from cache
499 verbose get saving requires-port to /home/chakresh/.npm/registry.npmjs.org/requires-port/.cache.json
500 silly resolveWithNewModule requires-port@1.0.0 checking installable status
501 silly cache add args [ 'requires-port@1.x.x', null ]
502 verbose cache add spec requires-port@1.x.x
503 silly cache add parsed spec Result {
503 silly cache add   raw: 'requires-port@1.x.x',
503 silly cache add   scope: null,
503 silly cache add   name: 'requires-port',
503 silly cache add   rawSpec: '1.x.x',
503 silly cache add   spec: '>=1.0.0 <2.0.0',
503 silly cache add   type: 'range' }
504 silly addNamed requires-port@>=1.0.0 <2.0.0
505 verbose addNamed ">=1.0.0 <2.0.0" is a valid semver range for requires-port
506 silly addNameRange { name: 'requires-port',
506 silly addNameRange   range: '>=1.0.0 <2.0.0',
506 silly addNameRange   hasData: false }
507 silly mapToRegistry name requires-port
508 silly mapToRegistry using default registry
509 silly mapToRegistry registry https://registry.npmjs.org/
510 silly mapToRegistry uri https://registry.npmjs.org/requires-port
511 verbose addNameRange registry:https://registry.npmjs.org/requires-port not in flight; fetching
512 silly resolveWithNewModule eventemitter3@1.2.0 checking installable status
513 silly cache add args [ 'eventemitter3@1.x.x', null ]
514 verbose cache add spec eventemitter3@1.x.x
515 silly cache add parsed spec Result {
515 silly cache add   raw: 'eventemitter3@1.x.x',
515 silly cache add   scope: null,
515 silly cache add   name: 'eventemitter3',
515 silly cache add   rawSpec: '1.x.x',
515 silly cache add   spec: '>=1.0.0 <2.0.0',
515 silly cache add   type: 'range' }
516 silly addNamed eventemitter3@>=1.0.0 <2.0.0
517 verbose addNamed ">=1.0.0 <2.0.0" is a valid semver range for eventemitter3
518 silly addNameRange { name: 'eventemitter3',
518 silly addNameRange   range: '>=1.0.0 <2.0.0',
518 silly addNameRange   hasData: false }
519 silly mapToRegistry name eventemitter3
520 silly mapToRegistry using default registry
521 silly mapToRegistry registry https://registry.npmjs.org/
522 silly mapToRegistry uri https://registry.npmjs.org/eventemitter3
523 verbose addNameRange registry:https://registry.npmjs.org/eventemitter3 not in flight; fetching
524 verbose get https://registry.npmjs.org/requires-port not expired, no request
525 silly addNameRange number 2 { name: 'requires-port', range: '>=1.0.0 <2.0.0', hasData: true }
526 silly addNameRange versions [ 'requires-port', [ '0.0.0', '0.0.1', '1.0.0' ] ]
527 silly addNamed requires-port@1.0.0
528 verbose addNamed "1.0.0" is a plain semver version for requires-port
529 verbose get https://registry.npmjs.org/eventemitter3 not expired, no request
530 silly addNameRange number 2 { name: 'eventemitter3', range: '>=1.0.0 <2.0.0', hasData: true }
531 silly addNameRange versions [ 'eventemitter3',
531 silly addNameRange   [ '0.0.0',
531 silly addNameRange     '0.0.1',
531 silly addNameRange     '0.1.0',
531 silly addNameRange     '0.1.1',
531 silly addNameRange     '0.1.2',
531 silly addNameRange     '0.1.3',
531 silly addNameRange     '0.1.4',
531 silly addNameRange     '0.1.5',
531 silly addNameRange     '0.1.6',
531 silly addNameRange     '1.0.0',
531 silly addNameRange     '1.0.1',
531 silly addNameRange     '1.0.2',
531 silly addNameRange     '1.0.3',
531 silly addNameRange     '1.1.0',
531 silly addNameRange     '1.1.1',
531 silly addNameRange     '1.2.0',
531 silly addNameRange     '2.0.0',
531 silly addNameRange     '2.0.1',
531 silly addNameRange     '2.0.2' ] ]
532 silly addNamed eventemitter3@1.2.0
533 verbose addNamed "1.2.0" is a plain semver version for eventemitter3
534 silly cache afterAdd eventemitter3@1.2.0
535 verbose afterAdd /home/chakresh/.npm/eventemitter3/1.2.0/package/package.json not in flight; writing
536 silly cache afterAdd requires-port@1.0.0
537 verbose afterAdd /home/chakresh/.npm/requires-port/1.0.0/package/package.json not in flight; writing
538 verbose afterAdd /home/chakresh/.npm/eventemitter3/1.2.0/package/package.json written
539 verbose afterAdd /home/chakresh/.npm/requires-port/1.0.0/package/package.json written
540 silly fetchNamedPackageData wordwrap
541 silly mapToRegistry name wordwrap
542 silly mapToRegistry using default registry
543 silly mapToRegistry registry https://registry.npmjs.org/
544 silly mapToRegistry uri https://registry.npmjs.org/wordwrap
545 silly fetchNamedPackageData minimist
546 silly mapToRegistry name minimist
547 silly mapToRegistry using default registry
548 silly mapToRegistry registry https://registry.npmjs.org/
549 silly mapToRegistry uri https://registry.npmjs.org/minimist
550 silly resolveWithNewModule minimist@0.0.10 checking installable status
551 silly cache add args [ 'minimist@~0.0.1', null ]
552 verbose cache add spec minimist@~0.0.1
553 silly cache add parsed spec Result {
553 silly cache add   raw: 'minimist@~0.0.1',
553 silly cache add   scope: null,
553 silly cache add   name: 'minimist',
553 silly cache add   rawSpec: '~0.0.1',
553 silly cache add   spec: '>=0.0.1 <0.1.0',
553 silly cache add   type: 'range' }
554 silly addNamed minimist@>=0.0.1 <0.1.0
555 verbose addNamed ">=0.0.1 <0.1.0" is a valid semver range for minimist
556 silly addNameRange { name: 'minimist', range: '>=0.0.1 <0.1.0', hasData: false }
557 silly mapToRegistry name minimist
558 silly mapToRegistry using default registry
559 silly mapToRegistry registry https://registry.npmjs.org/
560 silly mapToRegistry uri https://registry.npmjs.org/minimist
561 verbose addNameRange registry:https://registry.npmjs.org/minimist not in flight; fetching
562 verbose request uri https://registry.npmjs.org/wordwrap
563 verbose request no auth needed
564 info attempt registry request try #1 at 8:24:51 PM
565 verbose etag "6Y7XZHAQEALAMS9JQ5TYUE3OK"
566 http request GET https://registry.npmjs.org/wordwrap
567 verbose get https://registry.npmjs.org/minimist not expired, no request
568 silly addNameRange number 2 { name: 'minimist', range: '>=0.0.1 <0.1.0', hasData: true }
569 silly addNameRange versions [ 'minimist',
569 silly addNameRange   [ '0.0.0',
569 silly addNameRange     '0.0.1',
569 silly addNameRange     '0.0.2',
569 silly addNameRange     '0.0.3',
569 silly addNameRange     '0.0.4',
569 silly addNameRange     '0.0.5',
569 silly addNameRange     '0.0.6',
569 silly addNameRange     '0.0.7',
569 silly addNameRange     '0.0.8',
569 silly addNameRange     '0.0.9',
569 silly addNameRange     '0.0.10',
569 silly addNameRange     '0.1.0',
569 silly addNameRange     '0.2.0',
569 silly addNameRange     '1.0.0',
569 silly addNameRange     '1.1.0',
569 silly addNameRange     '1.1.1',
569 silly addNameRange     '1.1.2',
569 silly addNameRange     '1.1.3',
569 silly addNameRange     '1.2.0' ] ]
570 silly addNamed minimist@0.0.10
571 verbose addNamed "0.0.10" is a plain semver version for minimist
572 silly cache afterAdd minimist@0.0.10
573 verbose afterAdd /home/chakresh/.npm/minimist/0.0.10/package/package.json not in flight; writing
574 verbose afterAdd /home/chakresh/.npm/minimist/0.0.10/package/package.json written
575 http 304 https://registry.npmjs.org/wordwrap
576 verbose headers { date: 'Fri, 11 Nov 2016 01:24:51 GMT',
576 verbose headers   via: '1.1 varnish',
576 verbose headers   'cache-control': 'max-age=300',
576 verbose headers   etag: '"6Y7XZHAQEALAMS9JQ5TYUE3OK"',
576 verbose headers   age: '261',
576 verbose headers   connection: 'keep-alive',
576 verbose headers   'x-served-by': 'cache-ord1738-ORD',
576 verbose headers   'x-cache': 'HIT',
576 verbose headers   'x-cache-hits': '12',
576 verbose headers   'x-timer': 'S1478827491.532882,VS0,VE0',
576 verbose headers   vary: 'Accept-Encoding' }
577 silly get cb [ 304,
577 silly get   { date: 'Fri, 11 Nov 2016 01:24:51 GMT',
577 silly get     via: '1.1 varnish',
577 silly get     'cache-control': 'max-age=300',
577 silly get     etag: '"6Y7XZHAQEALAMS9JQ5TYUE3OK"',
577 silly get     age: '261',
577 silly get     connection: 'keep-alive',
577 silly get     'x-served-by': 'cache-ord1738-ORD',
577 silly get     'x-cache': 'HIT',
577 silly get     'x-cache-hits': '12',
577 silly get     'x-timer': 'S1478827491.532882,VS0,VE0',
577 silly get     vary: 'Accept-Encoding' } ]
578 verbose etag https://registry.npmjs.org/wordwrap from cache
579 verbose get saving wordwrap to /home/chakresh/.npm/registry.npmjs.org/wordwrap/.cache.json
580 silly resolveWithNewModule wordwrap@0.0.3 checking installable status
581 silly cache add args [ 'wordwrap@~0.0.2', null ]
582 verbose cache add spec wordwrap@~0.0.2
583 silly cache add parsed spec Result {
583 silly cache add   raw: 'wordwrap@~0.0.2',
583 silly cache add   scope: null,
583 silly cache add   name: 'wordwrap',
583 silly cache add   rawSpec: '~0.0.2',
583 silly cache add   spec: '>=0.0.2 <0.1.0',
583 silly cache add   type: 'range' }
584 silly addNamed wordwrap@>=0.0.2 <0.1.0
585 verbose addNamed ">=0.0.2 <0.1.0" is a valid semver range for wordwrap
586 silly addNameRange { name: 'wordwrap', range: '>=0.0.2 <0.1.0', hasData: false }
587 silly mapToRegistry name wordwrap
588 silly mapToRegistry using default registry
589 silly mapToRegistry registry https://registry.npmjs.org/
590 silly mapToRegistry uri https://registry.npmjs.org/wordwrap
591 verbose addNameRange registry:https://registry.npmjs.org/wordwrap not in flight; fetching
592 verbose get https://registry.npmjs.org/wordwrap not expired, no request
593 silly addNameRange number 2 { name: 'wordwrap', range: '>=0.0.2 <0.1.0', hasData: true }
594 silly addNameRange versions [ 'wordwrap', [ '0.0.1', '0.0.2', '0.0.3', '1.0.0' ] ]
595 silly addNamed wordwrap@0.0.3
596 verbose addNamed "0.0.3" is a plain semver version for wordwrap
597 silly cache afterAdd wordwrap@0.0.3
598 verbose afterAdd /home/chakresh/.npm/wordwrap/0.0.3/package/package.json not in flight; writing
599 verbose afterAdd /home/chakresh/.npm/wordwrap/0.0.3/package/package.json written
600 silly fetchNamedPackageData async
601 silly mapToRegistry name async
602 silly mapToRegistry using default registry
603 silly mapToRegistry registry https://registry.npmjs.org/
604 silly mapToRegistry uri https://registry.npmjs.org/async
605 silly fetchNamedPackageData mkdirp
606 silly mapToRegistry name mkdirp
607 silly mapToRegistry using default registry
608 silly mapToRegistry registry https://registry.npmjs.org/
609 silly mapToRegistry uri https://registry.npmjs.org/mkdirp
610 verbose request uri https://registry.npmjs.org/mkdirp
611 verbose request no auth needed
612 info attempt registry request try #1 at 8:24:51 PM
613 verbose etag "1LR42KXXYD6IFS5OW5H0Q3TUH"
614 http request GET https://registry.npmjs.org/mkdirp
615 verbose request uri https://registry.npmjs.org/async
616 verbose request no auth needed
617 info attempt registry request try #1 at 8:24:51 PM
618 verbose etag "41I0OS4TZ4XN7G0KKH5YXGCKH"
619 http request GET https://registry.npmjs.org/async
620 http 304 https://registry.npmjs.org/mkdirp
621 verbose headers { date: 'Fri, 11 Nov 2016 01:24:51 GMT',
621 verbose headers   via: '1.1 varnish',
621 verbose headers   'cache-control': 'max-age=300',
621 verbose headers   etag: '"1LR42KXXYD6IFS5OW5H0Q3TUH"',
621 verbose headers   age: '205',
621 verbose headers   connection: 'keep-alive',
621 verbose headers   'x-served-by': 'cache-ord1734-ORD',
621 verbose headers   'x-cache': 'HIT',
621 verbose headers   'x-cache-hits': '9',
621 verbose headers   'x-timer': 'S1478827491.672478,VS0,VE0',
621 verbose headers   vary: 'Accept-Encoding' }
622 silly get cb [ 304,
622 silly get   { date: 'Fri, 11 Nov 2016 01:24:51 GMT',
622 silly get     via: '1.1 varnish',
622 silly get     'cache-control': 'max-age=300',
622 silly get     etag: '"1LR42KXXYD6IFS5OW5H0Q3TUH"',
622 silly get     age: '205',
622 silly get     connection: 'keep-alive',
622 silly get     'x-served-by': 'cache-ord1734-ORD',
622 silly get     'x-cache': 'HIT',
622 silly get     'x-cache-hits': '9',
622 silly get     'x-timer': 'S1478827491.672478,VS0,VE0',
622 silly get     vary: 'Accept-Encoding' } ]
623 verbose etag https://registry.npmjs.org/mkdirp from cache
624 verbose get saving mkdirp to /home/chakresh/.npm/registry.npmjs.org/mkdirp/.cache.json
625 silly resolveWithNewModule mkdirp@0.5.1 checking installable status
626 silly cache add args [ 'mkdirp@0.5.x', null ]
627 verbose cache add spec mkdirp@0.5.x
628 silly cache add parsed spec Result {
628 silly cache add   raw: 'mkdirp@0.5.x',
628 silly cache add   scope: null,
628 silly cache add   name: 'mkdirp',
628 silly cache add   rawSpec: '0.5.x',
628 silly cache add   spec: '>=0.5.0 <0.6.0',
628 silly cache add   type: 'range' }
629 silly addNamed mkdirp@>=0.5.0 <0.6.0
630 verbose addNamed ">=0.5.0 <0.6.0" is a valid semver range for mkdirp
631 silly addNameRange { name: 'mkdirp', range: '>=0.5.0 <0.6.0', hasData: false }
632 silly mapToRegistry name mkdirp
633 silly mapToRegistry using default registry
634 silly mapToRegistry registry https://registry.npmjs.org/
635 silly mapToRegistry uri https://registry.npmjs.org/mkdirp
636 verbose addNameRange registry:https://registry.npmjs.org/mkdirp not in flight; fetching
637 http 304 https://registry.npmjs.org/async
638 verbose headers { date: 'Fri, 11 Nov 2016 01:24:51 GMT',
638 verbose headers   via: '1.1 varnish',
638 verbose headers   'cache-control': 'max-age=300',
638 verbose headers   etag: '"41I0OS4TZ4XN7G0KKH5YXGCKH"',
638 verbose headers   age: '299',
638 verbose headers   connection: 'keep-alive',
638 verbose headers   'x-served-by': 'cache-ord1730-ORD',
638 verbose headers   'x-cache': 'HIT',
638 verbose headers   'x-cache-hits': '18',
638 verbose headers   'x-timer': 'S1478827491.681844,VS0,VE0',
638 verbose headers   vary: 'Accept-Encoding' }
639 silly get cb [ 304,
639 silly get   { date: 'Fri, 11 Nov 2016 01:24:51 GMT',
639 silly get     via: '1.1 varnish',
639 silly get     'cache-control': 'max-age=300',
639 silly get     etag: '"41I0OS4TZ4XN7G0KKH5YXGCKH"',
639 silly get     age: '299',
639 silly get     connection: 'keep-alive',
639 silly get     'x-served-by': 'cache-ord1730-ORD',
639 silly get     'x-cache': 'HIT',
639 silly get     'x-cache-hits': '18',
639 silly get     'x-timer': 'S1478827491.681844,VS0,VE0',
639 silly get     vary: 'Accept-Encoding' } ]
640 verbose etag https://registry.npmjs.org/async from cache
641 verbose get saving async to /home/chakresh/.npm/registry.npmjs.org/async/.cache.json
642 verbose get https://registry.npmjs.org/mkdirp not expired, no request
643 silly addNameRange number 2 { name: 'mkdirp', range: '>=0.5.0 <0.6.0', hasData: true }
644 silly addNameRange versions [ 'mkdirp',
644 silly addNameRange   [ '0.0.1',
644 silly addNameRange     '0.0.2',
644 silly addNameRange     '0.0.3',
644 silly addNameRange     '0.0.4',
644 silly addNameRange     '0.0.5',
644 silly addNameRange     '0.0.6',
644 silly addNameRange     '0.0.7',
644 silly addNameRange     '0.1.0',
644 silly addNameRange     '0.2.0',
644 silly addNameRange     '0.2.1',
644 silly addNameRange     '0.2.2',
644 silly addNameRange     '0.3.0',
644 silly addNameRange     '0.3.1',
644 silly addNameRange     '0.3.2',
644 silly addNameRange     '0.3.3',
644 silly addNameRange     '0.3.4',
644 silly addNameRange     '0.3.5',
644 silly addNameRange     '0.4.0',
644 silly addNameRange     '0.4.1',
644 silly addNameRange     '0.4.2',
644 silly addNameRange     '0.5.0',
644 silly addNameRange     '0.5.1' ] ]
645 silly addNamed mkdirp@0.5.1
646 verbose addNamed "0.5.1" is a plain semver version for mkdirp
647 silly resolveWithNewModule async@0.9.0 checking installable status
648 silly cache add args [ 'async@0.9.0', null ]
649 verbose cache add spec async@0.9.0
650 silly cache add parsed spec Result {
650 silly cache add   raw: 'async@0.9.0',
650 silly cache add   scope: null,
650 silly cache add   name: 'async',
650 silly cache add   rawSpec: '0.9.0',
650 silly cache add   spec: '0.9.0',
650 silly cache add   type: 'version' }
651 silly addNamed async@0.9.0
652 verbose addNamed "0.9.0" is a plain semver version for async
653 silly mapToRegistry name async
654 silly mapToRegistry using default registry
655 silly mapToRegistry registry https://registry.npmjs.org/
656 silly mapToRegistry uri https://registry.npmjs.org/async
657 verbose addNameVersion registry:https://registry.npmjs.org/async not in flight; fetching
658 silly cache afterAdd mkdirp@0.5.1
659 verbose afterAdd /home/chakresh/.npm/mkdirp/0.5.1/package/package.json not in flight; writing
660 verbose get https://registry.npmjs.org/async not expired, no request
661 verbose afterAdd /home/chakresh/.npm/mkdirp/0.5.1/package/package.json written
662 silly cache afterAdd async@0.9.0
663 verbose afterAdd /home/chakresh/.npm/async/0.9.0/package/package.json not in flight; writing
664 verbose afterAdd /home/chakresh/.npm/async/0.9.0/package/package.json written
665 silly fetchNamedPackageData minimist
666 silly mapToRegistry name minimist
667 silly mapToRegistry using default registry
668 silly mapToRegistry registry https://registry.npmjs.org/
669 silly mapToRegistry uri https://registry.npmjs.org/minimist
670 silly resolveWithNewModule minimist@0.0.8 checking installable status
671 silly cache add args [ 'minimist@0.0.8', null ]
672 verbose cache add spec minimist@0.0.8
673 silly cache add parsed spec Result {
673 silly cache add   raw: 'minimist@0.0.8',
673 silly cache add   scope: null,
673 silly cache add   name: 'minimist',
673 silly cache add   rawSpec: '0.0.8',
673 silly cache add   spec: '0.0.8',
673 silly cache add   type: 'version' }
674 silly addNamed minimist@0.0.8
675 verbose addNamed "0.0.8" is a plain semver version for minimist
676 silly mapToRegistry name minimist
677 silly mapToRegistry using default registry
678 silly mapToRegistry registry https://registry.npmjs.org/
679 silly mapToRegistry uri https://registry.npmjs.org/minimist
680 verbose addNameVersion registry:https://registry.npmjs.org/minimist not in flight; fetching
681 verbose get https://registry.npmjs.org/minimist not expired, no request
682 silly cache afterAdd minimist@0.0.8
683 verbose afterAdd /home/chakresh/.npm/minimist/0.0.8/package/package.json not in flight; writing
684 verbose afterAdd /home/chakresh/.npm/minimist/0.0.8/package/package.json written
685 silly fetchNamedPackageData qs
686 silly mapToRegistry name qs
687 silly mapToRegistry using default registry
688 silly mapToRegistry registry https://registry.npmjs.org/
689 silly mapToRegistry uri https://registry.npmjs.org/qs
690 verbose request uri https://registry.npmjs.org/qs
691 verbose request no auth needed
692 info attempt registry request try #1 at 8:24:51 PM
693 verbose etag "DAFOGVKE4M1EFBPYP5BL378YF"
694 http request GET https://registry.npmjs.org/qs
695 http 304 https://registry.npmjs.org/qs
696 verbose headers { date: 'Fri, 11 Nov 2016 01:24:51 GMT',
696 verbose headers   via: '1.1 varnish',
696 verbose headers   'cache-control': 'max-age=300',
696 verbose headers   etag: '"DAFOGVKE4M1EFBPYP5BL378YF"',
696 verbose headers   age: '74',
696 verbose headers   connection: 'keep-alive',
696 verbose headers   'x-served-by': 'cache-ord1737-ORD',
696 verbose headers   'x-cache': 'HIT',
696 verbose headers   'x-cache-hits': '5',
696 verbose headers   'x-timer': 'S1478827491.847953,VS0,VE0',
696 verbose headers   vary: 'Accept-Encoding' }
697 silly get cb [ 304,
697 silly get   { date: 'Fri, 11 Nov 2016 01:24:51 GMT',
697 silly get     via: '1.1 varnish',
697 silly get     'cache-control': 'max-age=300',
697 silly get     etag: '"DAFOGVKE4M1EFBPYP5BL378YF"',
697 silly get     age: '74',
697 silly get     connection: 'keep-alive',
697 silly get     'x-served-by': 'cache-ord1737-ORD',
697 silly get     'x-cache': 'HIT',
697 silly get     'x-cache-hits': '5',
697 silly get     'x-timer': 'S1478827491.847953,VS0,VE0',
697 silly get     vary: 'Accept-Encoding' } ]
698 verbose etag https://registry.npmjs.org/qs from cache
699 verbose get saving qs to /home/chakresh/.npm/registry.npmjs.org/qs/.cache.json
700 silly resolveWithNewModule qs@2.3.3 checking installable status
701 silly cache add args [ 'qs@~2.3.3', null ]
702 verbose cache add spec qs@~2.3.3
703 silly cache add parsed spec Result {
703 silly cache add   raw: 'qs@~2.3.3',
703 silly cache add   scope: null,
703 silly cache add   name: 'qs',
703 silly cache add   rawSpec: '~2.3.3',
703 silly cache add   spec: '>=2.3.3 <2.4.0',
703 silly cache add   type: 'range' }
704 silly addNamed qs@>=2.3.3 <2.4.0
705 verbose addNamed ">=2.3.3 <2.4.0" is a valid semver range for qs
706 silly addNameRange { name: 'qs', range: '>=2.3.3 <2.4.0', hasData: false }
707 silly mapToRegistry name qs
708 silly mapToRegistry using default registry
709 silly mapToRegistry registry https://registry.npmjs.org/
710 silly mapToRegistry uri https://registry.npmjs.org/qs
711 verbose addNameRange registry:https://registry.npmjs.org/qs not in flight; fetching
712 verbose get https://registry.npmjs.org/qs not expired, no request
713 silly addNameRange number 2 { name: 'qs', range: '>=2.3.3 <2.4.0', hasData: true }
714 silly addNameRange versions [ 'qs',
714 silly addNameRange   [ '0.0.1',
714 silly addNameRange     '0.0.2',
714 silly addNameRange     '0.0.3',
714 silly addNameRange     '0.0.4',
714 silly addNameRange     '0.0.5',
714 silly addNameRange     '0.0.6',
714 silly addNameRange     '0.0.7',
714 silly addNameRange     '0.1.0',
714 silly addNameRange     '0.2.0',
714 silly addNameRange     '0.3.0',
714 silly addNameRange     '0.3.1',
714 silly addNameRange     '0.3.2',
714 silly addNameRange     '0.4.0',
714 silly addNameRange     '0.4.1',
714 silly addNameRange     '0.4.2',
714 silly addNameRange     '0.5.0',
714 silly addNameRange     '0.5.1',
714 silly addNameRange     '0.5.2',
714 silly addNameRange     '0.5.3',
714 silly addNameRange     '0.5.4',
714 silly addNameRange     '0.5.5',
714 silly addNameRange     '0.5.6',
714 silly addNameRange     '0.6.0',
714 silly addNameRange     '0.6.1',
714 silly addNameRange     '0.6.2',
714 silly addNameRange     '0.6.3',
714 silly addNameRange     '0.6.4',
714 silly addNameRange     '0.6.5',
714 silly addNameRange     '0.6.6',
714 silly addNameRange     '1.0.0',
714 silly addNameRange     '1.0.1',
714 silly addNameRange     '1.0.2',
714 silly addNameRange     '1.1.0',
714 silly addNameRange     '1.2.0',
714 silly addNameRange     '1.2.1',
714 silly addNameRange     '1.2.2',
714 silly addNameRange     '2.0.0',
714 silly addNameRange     '2.1.0',
714 silly addNameRange     '2.2.0',
714 silly addNameRange     '2.2.1',
714 silly addNameRange     '2.2.2',
714 silly addNameRange     '2.2.3',
714 silly addNameRange     '2.2.4',
714 silly addNameRange     '2.2.5',
714 silly addNameRange     '2.3.0',
714 silly addNameRange     '2.3.1',
714 silly addNameRange     '2.3.2',
714 silly addNameRange     '2.3.3',
714 silly addNameRange     '2.4.0',
714 silly addNameRange     '2.4.1',
714 silly addNameRange     '2.4.2',
714 silly addNameRange     '3.0.0',
714 silly addNameRange     '3.1.0',
714 silly addNameRange     '4.0.0',
714 silly addNameRange     '5.0.0',
714 silly addNameRange     '5.1.0',
714 silly addNameRange     '5.2.0',
714 silly addNameRange     '6.0.0',
714 silly addNameRange     '6.0.1',
714 silly addNameRange     '6.0.2',
714 silly addNameRange     '6.1.0',
714 silly addNameRange     '6.2.0',
714 silly addNameRange     '5.2.1',
714 silly addNameRange     '6.2.1',
714 silly addNameRange     '6.3.0' ] ]
715 silly addNamed qs@2.3.3
716 verbose addNamed "2.3.3" is a plain semver version for qs
717 silly cache afterAdd qs@2.3.3
718 verbose afterAdd /home/chakresh/.npm/qs/2.3.3/package/package.json not in flight; writing
719 verbose afterAdd /home/chakresh/.npm/qs/2.3.3/package/package.json written
720 silly loadAllDepsIntoIdealTree Finishing
721 silly idealTree:prePrune lib
721 silly idealTree:prePrune  http-server@0.9.0
721 silly idealTree:prePrune    async@0.9.0
721 silly idealTree:prePrune    colors@1.0.3
721 silly idealTree:prePrune    corser@2.0.1
721 silly idealTree:prePrune    ecstatic@1.4.1
721 silly idealTree:prePrune    eventemitter3@1.2.0
721 silly idealTree:prePrune    he@0.5.0
721 silly idealTree:prePrune    http-proxy@1.15.2
721 silly idealTree:prePrune    mime@1.3.4
721 silly idealTree:prePrune    minimist@1.2.0
721 silly idealTree:prePrune    mkdirp@0.5.1
721 silly idealTree:prePrune     minimist@0.0.8
721 silly idealTree:prePrune    opener@1.4.2
721 silly idealTree:prePrune    optimist@0.6.1
721 silly idealTree:prePrune     minimist@0.0.10
721 silly idealTree:prePrune    portfinder@0.4.0
721 silly idealTree:prePrune    qs@2.3.3
721 silly idealTree:prePrune    requires-port@1.0.0
721 silly idealTree:prePrune    union@0.4.6
721 silly idealTree:prePrune    url-join@1.1.0
721 silly idealTree:prePrune    wordwrap@0.0.3
722 silly loadIdealTree Finishing
723 silly currentTree lib
724 silly idealTree lib
724 silly idealTree  http-server@0.9.0
724 silly idealTree    async@0.9.0
724 silly idealTree    colors@1.0.3
724 silly idealTree    corser@2.0.1
724 silly idealTree    ecstatic@1.4.1
724 silly idealTree    eventemitter3@1.2.0
724 silly idealTree    he@0.5.0
724 silly idealTree    http-proxy@1.15.2
724 silly idealTree    mime@1.3.4
724 silly idealTree    minimist@1.2.0
724 silly idealTree    mkdirp@0.5.1
724 silly idealTree     minimist@0.0.8
724 silly idealTree    opener@1.4.2
724 silly idealTree    optimist@0.6.1
724 silly idealTree     minimist@0.0.10
724 silly idealTree    portfinder@0.4.0
724 silly idealTree    qs@2.3.3
724 silly idealTree    requires-port@1.0.0
724 silly idealTree    union@0.4.6
724 silly idealTree    url-join@1.1.0
724 silly idealTree    wordwrap@0.0.3
725 silly generateActionsToTake Starting
726 silly install generateActionsToTake
727 warn checkPermissions Missing write access to /usr/local/lib/node_modules
728 silly rollbackFailedOptional Starting
729 silly rollbackFailedOptional Finishing
730 silly runTopLevelLifecycles Starting
731 silly runTopLevelLifecycles Finishing
732 silly install printInstalled
733 verbose stack Error: EACCES: permission denied, access '/usr/local/lib/node_modules'
733 verbose stack     at Error (native)
734 verbose cwd /home/chakresh/Documents/RESTApp
735 error Linux 4.4.0-45-generic
736 error argv "/usr/bin/nodejs" "/usr/bin/npm" "link" "http-server"
737 error node v4.2.6
738 error npm  v3.5.2
739 error path /usr/local/lib/node_modules
740 error code EACCES
741 error errno -13
742 error syscall access
743 error Error: EACCES: permission denied, access '/usr/local/lib/node_modules'
743 error     at Error (native)
743 error  { [Error: EACCES: permission denied, access '/usr/local/lib/node_modules']
743 error   errno: -13,
743 error   code: 'EACCES',
743 error   syscall: 'access',
743 error   path: '/usr/local/lib/node_modules' }
744 error Please try running this command again as root/Administrator.
745 verbose exit [ -13, true ]
